# JRE version: OpenJDK Runtime Environment Temurin-11.0.12+7 (11.0.12+7) (build 11.0.12+7)
# Java VM: OpenJDK 64-Bit Server VM Temurin-11.0.12+7 (11.0.12+7, mixed mode, tiered, compressed oops, g1 gc, windows-amd64)
Heap:
 garbage-first heap   total 131072K, used 15397K [0x0000000081800000, 0x0000000100000000)
  region size 1024K, 8 young (8192K), 5 survivors (5120K)
 Metaspace       used 27254K, capacity 28159K, committed 28208K, reserved 1073152K
  class space    used 3320K, capacity 3696K, committed 3712K, reserved 1048576K
GC Heap History (6 events):
Event: 1.688 GC heap before
{Heap before GC invocations=0 (full 0):
 garbage-first heap   total 131072K, used 13312K [0x0000000081800000, 0x0000000100000000)
  region size 1024K, 14 young (14336K), 0 survivors (0K)
 Metaspace       used 10028K, capacity 10301K, committed 10368K, reserved 1058816K
  class space    used 985K, capacity 1097K, committed 1152K, reserved 1048576K
}
Event: 1.716 GC heap after
{Heap after GC invocations=1 (full 0):
 garbage-first heap   total 131072K, used 2421K [0x0000000081800000, 0x0000000100000000)
  region size 1024K, 2 young (2048K), 2 survivors (2048K)
 Metaspace       used 10028K, capacity 10301K, committed 10368K, reserved 1058816K
  class space    used 985K, capacity 1097K, committed 1152K, reserved 1048576K
}
Event: 4.119 GC heap before
{Heap before GC invocations=1 (full 0):
 garbage-first heap   total 131072K, used 34165K [0x0000000081800000, 0x0000000100000000)
  region size 1024K, 34 young (34816K), 2 survivors (2048K)
 Metaspace       used 20474K, capacity 21117K, committed 21296K, reserved 1069056K
  class space    used 2405K, capacity 2658K, committed 2688K, reserved 1048576K
}
Event: 4.133 GC heap after
{Heap after GC invocations=2 (full 0):
 garbage-first heap   total 131072K, used 7256K [0x0000000081800000, 0x0000000100000000)
  region size 1024K, 7 young (7168K), 7 survivors (7168K)
 Metaspace       used 20474K, capacity 21117K, committed 21296K, reserved 1069056K
  class space    used 2405K, capacity 2658K, committed 2688K, reserved 1048576K
}
Event: 32.011 GC heap before
{Heap before GC invocations=3 (full 0):
 garbage-first heap   total 131072K, used 43096K [0x0000000081800000, 0x0000000100000000)
  region size 1024K, 41 young (41984K), 7 survivors (7168K)
 Metaspace       used 27215K, capacity 28153K, committed 28208K, reserved 1073152K
  class space    used 3317K, capacity 3694K, committed 3712K, reserved 1048576K
}
Event: 32.028 GC heap after
{Heap after GC invocations=4 (full 0):
 garbage-first heap   total 131072K, used 13349K [0x0000000081800000, 0x0000000100000000)
  region size 1024K, 5 young (5120K), 5 survivors (5120K)
 Metaspace       used 27215K, capacity 28153K, committed 28208K, reserved 1073152K
  class space    used 3317K, capacity 3694K, committed 3712K, reserved 1048576K
}

