# JRE version: OpenJDK Runtime Environment Temurin-11.0.12+7 (11.0.12+7) (build 11.0.12+7)
# Java VM: OpenJDK 64-Bit Server VM Temurin-11.0.12+7 (11.0.12+7, mixed mode, tiered, compressed oops, g1 gc, windows-amd64)
Heap:
 garbage-first heap   total 131072K, used 43418K [0x0000000081800000, 0x0000000100000000)
  region size 1024K, 35 young (35840K), 3 survivors (3072K)
 Metaspace       used 33481K, capacity 34477K, committed 34688K, reserved 1079296K
  class space    used 3953K, capacity 4383K, committed 4480K, reserved 1048576K
GC Heap History (6 events):
Event: 4.325 GC heap before
{Heap before GC invocations=0 (full 0):
 garbage-first heap   total 131072K, used 13312K [0x0000000081800000, 0x0000000100000000)
  region size 1024K, 14 young (14336K), 0 survivors (0K)
 Metaspace       used 10026K, capacity 10301K, committed 10368K, reserved 1058816K
  class space    used 985K, capacity 1097K, committed 1152K, reserved 1048576K
}
Event: 4.346 GC heap after
{Heap after GC invocations=1 (full 0):
 garbage-first heap   total 131072K, used 2424K [0x0000000081800000, 0x0000000100000000)
  region size 1024K, 2 young (2048K), 2 survivors (2048K)
 Metaspace       used 10026K, capacity 10301K, committed 10368K, reserved 1058816K
  class space    used 985K, capacity 1097K, committed 1152K, reserved 1048576K
}
Event: 6.594 GC heap before
{Heap before GC invocations=1 (full 0):
 garbage-first heap   total 131072K, used 35192K [0x0000000081800000, 0x0000000100000000)
  region size 1024K, 35 young (35840K), 2 survivors (2048K)
 Metaspace       used 20580K, capacity 21137K, committed 21248K, reserved 1067008K
  class space    used 2431K, capacity 2706K, committed 2816K, reserved 1048576K
}
Event: 6.605 GC heap after
{Heap after GC invocations=2 (full 0):
 garbage-first heap   total 131072K, used 6961K [0x0000000081800000, 0x0000000100000000)
  region size 1024K, 7 young (7168K), 7 survivors (7168K)
 Metaspace       used 20580K, capacity 21137K, committed 21248K, reserved 1067008K
  class space    used 2431K, capacity 2706K, committed 2816K, reserved 1048576K
}
Event: 522.163 GC heap before
{Heap before GC invocations=3 (full 0):
 garbage-first heap   total 131072K, used 44849K [0x0000000081800000, 0x0000000100000000)
  region size 1024K, 42 young (43008K), 7 survivors (7168K)
 Metaspace       used 25623K, capacity 26486K, committed 26496K, reserved 1073152K
  class space    used 3077K, capacity 3447K, committed 3456K, reserved 1048576K
}
Event: 522.177 GC heap after
{Heap after GC invocations=4 (full 0):
 garbage-first heap   total 131072K, used 11674K [0x0000000081800000, 0x0000000100000000)
  region size 1024K, 3 young (3072K), 3 survivors (3072K)
 Metaspace       used 25623K, capacity 26486K, committed 26496K, reserved 1073152K
  class space    used 3077K, capacity 3447K, committed 3456K, reserved 1048576K
}

